GROUP,PACKAGE,CLASS,INSTRUCTION_MISSED,INSTRUCTION_COVERED,BRANCH_MISSED,BRANCH_COVERED,LINE_MISSED,LINE_COVERED,COMPLEXITY_MISSED,COMPLEXITY_COVERED,METHOD_MISSED,METHOD_COVERED
toc-api,com.tms.toc.api.exception,ExceptionResponse,167,0,30,0,6,0,27,0,12,0
toc-api,com.tms.toc.api.exception,TOCNotFoundException,9,6,0,0,4,3,2,1,2,1
toc-api,com.tms.toc.api.exception,CustomResponseEntityExceptionHandler,78,3,0,0,18,1,3,1,3,1
toc-api,com.tms.toc.api.controller,TOCController,0,34,0,2,0,9,0,6,0,5
toc-api,com.tms.toc.api.service,TOCService,0,32,0,2,0,6,0,6,0,5
toc-api,com.tms.toc.api.beans,TOC,162,126,30,14,1,9,32,10,10,10
toc-api,com.tms.toc.api.config,MongoConfig,2,3,0,0,1,1,1,1,1,1
toc-api,com.tms.toc.api,TocApiApplication,5,3,0,0,2,1,1,1,1,1
